<?xml version="1.0" encoding="UTF-8"?>
<testng-results skipped="0" failed="0" ignored="0" total="1" passed="1">
  <reporter-output>
  </reporter-output>
  <suite name="Suite" duration-ms="16591" started-at="2023-06-04T23:14:25 EDT" finished-at="2023-06-04T23:14:42 EDT">
    <groups>
      <group name="Master">
        <method signature="TC_002_LoginTest.Test_Login()[pri:0, instance:testCases.TC_002_LoginTest@6ec8211c]" name="Test_Login" class="testCases.TC_002_LoginTest"/>
      </group> <!-- Master -->
      <group name="Sanity">
        <method signature="TC_002_LoginTest.Test_Login()[pri:0, instance:testCases.TC_002_LoginTest@6ec8211c]" name="Test_Login" class="testCases.TC_002_LoginTest"/>
      </group> <!-- Sanity -->
    </groups>
    <test name="Test" duration-ms="16591" started-at="2023-06-04T23:14:25 EDT" finished-at="2023-06-04T23:14:42 EDT">
      <class name="testCases.TC_002_LoginTest">
        <test-method status="PASS" signature="setUp(java.lang.String)[pri:0, instance:testCases.TC_002_LoginTest@6ec8211c]" name="setUp" is-config="true" duration-ms="12073" started-at="2023-06-04T23:14:26 EDT" finished-at="2023-06-04T23:14:38 EDT">
          <params>
            <param index="0">
              <value>
                <![CDATA[chrome]]>
              </value>
            </param>
          </params>
          <reporter-output>
          </reporter-output>
        </test-method> <!-- setUp -->
        <test-method status="PASS" signature="Test_Login()[pri:0, instance:testCases.TC_002_LoginTest@6ec8211c]" name="Test_Login" duration-ms="3977" started-at="2023-06-04T23:14:38 EDT" finished-at="2023-06-04T23:14:42 EDT">
          <reporter-output>
          </reporter-output>
        </test-method> <!-- Test_Login -->
        <test-method status="PASS" signature="tearDown()[pri:0, instance:testCases.TC_002_LoginTest@6ec8211c]" name="tearDown" is-config="true" duration-ms="175" started-at="2023-06-04T23:14:42 EDT" finished-at="2023-06-04T23:14:42 EDT">
          <reporter-output>
          </reporter-output>
        </test-method> <!-- tearDown -->
      </class> <!-- testCases.TC_002_LoginTest -->
    </test> <!-- Test -->
  </suite> <!-- Suite -->
</testng-results>
